{"C:\\Users\\yulya\\OneDrive\\Escritorio\\Tesis\\Prototipo\\proyectoTesting\\src\\app.js": {"path":"C:\\Users\\yulya\\OneDrive\\Escritorio\\Tesis\\Prototipo\\proyectoTesting\\src\\app.js","statementMap":{"0":{"start":{"line":4,"column":12},"end":{"line":4,"column":21}},"1":{"start":{"line":6,"column":0},"end":{"line":6,"column":24}},"2":{"start":{"line":9,"column":0},"end":{"line":11,"column":3}},"3":{"start":{"line":10,"column":4},"end":{"line":10,"column":21}},"4":{"start":{"line":13,"column":0},"end":{"line":15,"column":3}},"5":{"start":{"line":14,"column":4},"end":{"line":14,"column":17}},"6":{"start":{"line":17,"column":0},"end":{"line":27,"column":3}},"7":{"start":{"line":18,"column":33},"end":{"line":18,"column":41}},"8":{"start":{"line":20,"column":4},"end":{"line":20,"column":58}},"9":{"start":{"line":20,"column":31},"end":{"line":20,"column":58}},"10":{"start":{"line":22,"column":4},"end":{"line":26,"column":7}}},"fnMap":{"0":{"name":"(anonymous_0)","decl":{"start":{"line":9,"column":17},"end":{"line":9,"column":18}},"loc":{"start":{"line":9,"column":31},"end":{"line":11,"column":1}},"line":9},"1":{"name":"(anonymous_1)","decl":{"start":{"line":13,"column":18},"end":{"line":13,"column":19}},"loc":{"start":{"line":13,"column":32},"end":{"line":15,"column":1}},"line":13},"2":{"name":"(anonymous_2)","decl":{"start":{"line":17,"column":19},"end":{"line":17,"column":20}},"loc":{"start":{"line":17,"column":33},"end":{"line":27,"column":1}},"line":17}},"branchMap":{"0":{"loc":{"start":{"line":20,"column":4},"end":{"line":20,"column":58}},"type":"if","locations":[{"start":{"line":20,"column":4},"end":{"line":20,"column":58}},{"start":{},"end":{}}],"line":20},"1":{"loc":{"start":{"line":20,"column":7},"end":{"line":20,"column":29}},"type":"binary-expr","locations":[{"start":{"line":20,"column":7},"end":{"line":20,"column":13}},{"start":{"line":20,"column":17},"end":{"line":20,"column":29}}],"line":20}},"s":{"0":1,"1":1,"2":1,"3":0,"4":1,"5":2,"6":1,"7":6,"8":6,"9":3,"10":3},"f":{"0":0,"1":2,"2":6},"b":{"0":[3,3],"1":[6,4]},"_coverageSchema":"1a1c01bbd47fc00a2c39e90264f33305004495a9","hash":"abd8b2700f9b68ed85565d4b40672c542f8e1c30"}
}
